2025-06-25T00:24:28.907+08:00  INFO 2670 --- [crm] [RMI TCP Connection(234)-127.0.0.1] inMXBeanRegistrar$SpringApplicationAdmin : Application shutdown requested.
2025-06-25T00:24:28.971+08:00  INFO 2670 --- [crm] [RMI TCP Connection(234)-127.0.0.1] o.s.b.w.e.tomcat.GracefulShutdown        : Commencing graceful shutdown. Waiting for active requests to complete
2025-06-25T00:24:28.980+08:00  INFO 2670 --- [crm] [tomcat-shutdown] o.s.b.w.e.tomcat.GracefulShutdown        : Graceful shutdown complete
2025-06-25T00:24:29.006+08:00  INFO 2670 --- [crm] [RMI TCP Connection(234)-127.0.0.1] j.LocalContainerEntityManagerFactoryBean : Closing JPA EntityManagerFactory for persistence unit 'default'
2025-06-25T00:24:29.023+08:00  INFO 2670 --- [crm] [RMI TCP Connection(234)-127.0.0.1] com.zaxxer.hikari.HikariDataSource       : HikariPool-1 - Shutdown initiated...
2025-06-25T00:24:29.030+08:00  INFO 2670 --- [crm] [RMI TCP Connection(234)-127.0.0.1] com.zaxxer.hikari.HikariDataSource       : HikariPool-1 - Shutdown completed.
2025-06-25T00:24:31.511+08:00  INFO 4979 --- [crm] [main] com.example.demo.CrmApplication          : Starting CrmApplication using Java 21.0.7 with PID 4979 (/Users/zhifan1211/git/crm/target/classes started by zhifan1211 in /Users/zhifan1211/git/crm)
2025-06-25T00:24:31.514+08:00  INFO 4979 --- [crm] [main] com.example.demo.CrmApplication          : No active profile set, falling back to 1 default profile: "default"
2025-06-25T00:24:32.383+08:00  INFO 4979 --- [crm] [main] .s.d.r.c.RepositoryConfigurationDelegate : Multiple Spring Data modules found, entering strict repository configuration mode
2025-06-25T00:24:32.385+08:00  INFO 4979 --- [crm] [main] .s.d.r.c.RepositoryConfigurationDelegate : Bootstrapping Spring Data JDBC repositories in DEFAULT mode.
2025-06-25T00:24:32.439+08:00  INFO 4979 --- [crm] [main] .RepositoryConfigurationExtensionSupport : Spring Data JDBC - Could not safely identify store assignment for repository candidate interface com.example.demo.repository.AdminRepository; If you want this repository to be a JDBC repository, consider annotating your entities with one of these annotations: org.springframework.data.relational.core.mapping.Table.
2025-06-25T00:24:32.445+08:00  INFO 4979 --- [crm] [main] .RepositoryConfigurationExtensionSupport : Spring Data JDBC - Could not safely identify store assignment for repository candidate interface com.example.demo.repository.EmailVerificationRepository; If you want this repository to be a JDBC repository, consider annotating your entities with one of these annotations: org.springframework.data.relational.core.mapping.Table.
2025-06-25T00:24:32.447+08:00  INFO 4979 --- [crm] [main] .RepositoryConfigurationExtensionSupport : Spring Data JDBC - Could not safely identify store assignment for repository candidate interface com.example.demo.repository.IdSequenceRepository; If you want this repository to be a JDBC repository, consider annotating your entities with one of these annotations: org.springframework.data.relational.core.mapping.Table.
2025-06-25T00:24:32.448+08:00  INFO 4979 --- [crm] [main] .RepositoryConfigurationExtensionSupport : Spring Data JDBC - Could not safely identify store assignment for repository candidate interface com.example.demo.repository.ItemRepository; If you want this repository to be a JDBC repository, consider annotating your entities with one of these annotations: org.springframework.data.relational.core.mapping.Table.
2025-06-25T00:24:32.450+08:00  INFO 4979 --- [crm] [main] .RepositoryConfigurationExtensionSupport : Spring Data JDBC - Could not safely identify store assignment for repository candidate interface com.example.demo.repository.MemberRepository; If you want this repository to be a JDBC repository, consider annotating your entities with one of these annotations: org.springframework.data.relational.core.mapping.Table.
2025-06-25T00:24:32.451+08:00  INFO 4979 --- [crm] [main] .RepositoryConfigurationExtensionSupport : Spring Data JDBC - Could not safely identify store assignment for repository candidate interface com.example.demo.repository.PointCollectionRepository; If you want this repository to be a JDBC repository, consider annotating your entities with one of these annotations: org.springframework.data.relational.core.mapping.Table.
2025-06-25T00:24:32.454+08:00  INFO 4979 --- [crm] [main] .RepositoryConfigurationExtensionSupport : Spring Data JDBC - Could not safely identify store assignment for repository candidate interface com.example.demo.repository.PointLogRepository; If you want this repository to be a JDBC repository, consider annotating your entities with one of these annotations: org.springframework.data.relational.core.mapping.Table.
2025-06-25T00:24:32.458+08:00  INFO 4979 --- [crm] [main] .RepositoryConfigurationExtensionSupport : Spring Data JDBC - Could not safely identify store assignment for repository candidate interface com.example.demo.repository.PointTypeRepository; If you want this repository to be a JDBC repository, consider annotating your entities with one of these annotations: org.springframework.data.relational.core.mapping.Table.
2025-06-25T00:24:32.461+08:00  INFO 4979 --- [crm] [main] .RepositoryConfigurationExtensionSupport : Spring Data JDBC - Could not safely identify store assignment for repository candidate interface com.example.demo.repository.PointUsageRepository; If you want this repository to be a JDBC repository, consider annotating your entities with one of these annotations: org.springframework.data.relational.core.mapping.Table.
2025-06-25T00:24:32.462+08:00  INFO 4979 --- [crm] [main] .RepositoryConfigurationExtensionSupport : Spring Data JDBC - Could not safely identify store assignment for repository candidate interface com.example.demo.repository.ResetTokenRepository; If you want this repository to be a JDBC repository, consider annotating your entities with one of these annotations: org.springframework.data.relational.core.mapping.Table.
2025-06-25T00:24:32.463+08:00  INFO 4979 --- [crm] [main] .s.d.r.c.RepositoryConfigurationDelegate : Finished Spring Data repository scanning in 70 ms. Found 0 JDBC repository interfaces.
2025-06-25T00:24:32.477+08:00  INFO 4979 --- [crm] [main] .s.d.r.c.RepositoryConfigurationDelegate : Multiple Spring Data modules found, entering strict repository configuration mode
2025-06-25T00:24:32.478+08:00  INFO 4979 --- [crm] [main] .s.d.r.c.RepositoryConfigurationDelegate : Bootstrapping Spring Data JPA repositories in DEFAULT mode.
2025-06-25T00:24:32.539+08:00  INFO 4979 --- [crm] [main] .s.d.r.c.RepositoryConfigurationDelegate : Finished Spring Data repository scanning in 55 ms. Found 10 JPA repository interfaces.
2025-06-25T00:24:33.341+08:00  INFO 4979 --- [crm] [main] o.s.b.w.embedded.tomcat.TomcatWebServer  : Tomcat initialized with port 8443 (https)
2025-06-25T00:24:33.365+08:00  INFO 4979 --- [crm] [main] o.apache.catalina.core.StandardService   : Starting service [Tomcat]
2025-06-25T00:24:33.366+08:00  INFO 4979 --- [crm] [main] o.apache.catalina.core.StandardEngine    : Starting Servlet engine: [Apache Tomcat/10.1.40]
2025-06-25T00:24:33.581+08:00  INFO 4979 --- [crm] [main] org.apache.jasper.servlet.TldScanner     : At least one JAR was scanned for TLDs yet contained no TLDs. Enable debug logging for this logger for a complete list of JARs that were scanned but no TLDs were found in them. Skipping unneeded JARs during scanning can improve startup time and JSP compilation time.
2025-06-25T00:24:33.586+08:00  INFO 4979 --- [crm] [main] o.a.c.c.C.[Tomcat].[localhost].[/]       : Initializing Spring embedded WebApplicationContext
2025-06-25T00:24:33.587+08:00  INFO 4979 --- [crm] [main] w.s.c.ServletWebServerApplicationContext : Root WebApplicationContext: initialization completed in 2014 ms
2025-06-25T00:24:33.774+08:00  INFO 4979 --- [crm] [main] o.hibernate.jpa.internal.util.LogHelper  : HHH000204: Processing PersistenceUnitInfo [name: default]
2025-06-25T00:24:33.861+08:00  INFO 4979 --- [crm] [main] org.hibernate.Version                    : HHH000412: Hibernate ORM core version 6.6.13.Final
2025-06-25T00:24:33.905+08:00  INFO 4979 --- [crm] [main] o.h.c.internal.RegionFactoryInitiator    : HHH000026: Second-level cache disabled
2025-06-25T00:24:34.235+08:00  INFO 4979 --- [crm] [main] o.s.o.j.p.SpringPersistenceUnitInfo      : No LoadTimeWeaver setup: ignoring JPA class transformer
2025-06-25T00:24:34.276+08:00  INFO 4979 --- [crm] [main] com.zaxxer.hikari.HikariDataSource       : HikariPool-1 - Starting...
2025-06-25T00:24:34.504+08:00  INFO 4979 --- [crm] [main] com.zaxxer.hikari.pool.HikariPool        : HikariPool-1 - Added connection com.mysql.cj.jdbc.ConnectionImpl@4a944af9
2025-06-25T00:24:34.506+08:00  INFO 4979 --- [crm] [main] com.zaxxer.hikari.HikariDataSource       : HikariPool-1 - Start completed.
2025-06-25T00:24:34.646+08:00  INFO 4979 --- [crm] [main] org.hibernate.orm.connections.pooling    : HHH10001005: Database info:
	Database JDBC URL [Connecting through datasource 'HikariDataSource (HikariPool-1)']
	Database driver: undefined/unknown
	Database version: 9.2
	Autocommit mode: undefined/unknown
	Isolation level: undefined/unknown
	Minimum pool size: undefined/unknown
	Maximum pool size: undefined/unknown
2025-06-25T00:24:35.734+08:00  INFO 4979 --- [crm] [main] o.h.e.t.j.p.i.JtaPlatformInitiator       : HHH000489: No JTA platform available (set 'hibernate.transaction.jta.platform' to enable JTA platform integration)
2025-06-25T00:24:35.866+08:00  INFO 4979 --- [crm] [main] j.LocalContainerEntityManagerFactoryBean : Initialized JPA EntityManagerFactory for persistence unit 'default'
2025-06-25T00:24:36.185+08:00  INFO 4979 --- [crm] [main] o.s.d.j.r.query.QueryEnhancerFactory     : Hibernate is in classpath; If applicable, HQL parser will be used.
2025-06-25T00:24:38.267+08:00  INFO 4979 --- [crm] [main] o.a.t.util.net.NioEndpoint.certificate   : Connector [https-jsse-nio-8443], TLS virtual host [_default_], certificate type [UNDEFINED] configured from keystore [/Users/zhifan1211/.keystore] using alias [tomcat] with trust store [null]
2025-06-25T00:24:38.290+08:00  INFO 4979 --- [crm] [main] o.s.b.w.embedded.tomcat.TomcatWebServer  : Tomcat started on port 8443 (https) with context path '/'
2025-06-25T00:24:38.305+08:00  INFO 4979 --- [crm] [main] com.example.demo.CrmApplication          : Started CrmApplication in 7.232 seconds (process running for 8.041)
2025-06-25T00:40:48.360+08:00  INFO 4979 --- [crm] [https-jsse-nio-8443-exec-27] o.a.c.c.C.[Tomcat].[localhost].[/]       : Initializing Spring DispatcherServlet 'dispatcherServlet'
2025-06-25T00:40:48.361+08:00  INFO 4979 --- [crm] [https-jsse-nio-8443-exec-27] o.s.web.servlet.DispatcherServlet        : Initializing Servlet 'dispatcherServlet'
2025-06-25T00:40:48.368+08:00  INFO 4979 --- [crm] [https-jsse-nio-8443-exec-27] o.s.web.servlet.DispatcherServlet        : Completed initialization in 6 ms
2025-06-25T01:34:34.249+08:00  WARN 4979 --- [crm] [HikariPool-1 housekeeper] com.zaxxer.hikari.pool.HikariPool        : HikariPool-1 - Thread starvation or clock leap detected (housekeeper delta=55s36ms).
2025-06-25T01:40:30.825+08:00  WARN 4979 --- [crm] [HikariPool-1 housekeeper] com.zaxxer.hikari.pool.HikariPool        : HikariPool-1 - Thread starvation or clock leap detected (housekeeper delta=5m26s534ms).
2025-06-25T01:45:56.250+08:00  WARN 4979 --- [crm] [HikariPool-1 housekeeper] com.zaxxer.hikari.pool.HikariPool        : HikariPool-1 - Thread starvation or clock leap detected (housekeeper delta=5m25s426ms).
2025-06-25T01:51:51.463+08:00  WARN 4979 --- [crm] [HikariPool-1 housekeeper] com.zaxxer.hikari.pool.HikariPool        : HikariPool-1 - Thread starvation or clock leap detected (housekeeper delta=5m25s201ms).
2025-06-25T01:56:35.828+08:00  WARN 4979 --- [crm] [HikariPool-1 housekeeper] com.zaxxer.hikari.pool.HikariPool        : HikariPool-1 - Thread starvation or clock leap detected (housekeeper delta=4m14s357ms).
2025-06-25T02:03:02.316+08:00  WARN 4979 --- [crm] [HikariPool-1 housekeeper] com.zaxxer.hikari.pool.HikariPool        : HikariPool-1 - Thread starvation or clock leap detected (housekeeper delta=5m25s279ms).
2025-06-25T02:08:58.722+08:00  WARN 4979 --- [crm] [HikariPool-1 housekeeper] com.zaxxer.hikari.pool.HikariPool        : HikariPool-1 - Thread starvation or clock leap detected (housekeeper delta=5m26s394ms).
2025-06-25T08:34:44.322+08:00  WARN 4979 --- [crm] [HikariPool-1 housekeeper] com.zaxxer.hikari.pool.HikariPool        : HikariPool-1 - Thread starvation or clock leap detected (housekeeper delta=10m11s994ms).
2025-06-25T09:55:14.064+08:00  WARN 4979 --- [crm] [HikariPool-1 housekeeper] com.zaxxer.hikari.pool.HikariPool        : HikariPool-1 - Thread starvation or clock leap detected (housekeeper delta=15m29s184ms).
2025-06-25T10:09:33.673+08:00  WARN 4979 --- [crm] [HikariPool-1 housekeeper] com.zaxxer.hikari.pool.HikariPool        : HikariPool-1 - Thread starvation or clock leap detected (housekeeper delta=13m49s599ms).
2025-06-25T13:09:04.158+08:00  WARN 4979 --- [crm] [HikariPool-1 housekeeper] com.zaxxer.hikari.pool.HikariPool        : HikariPool-1 - Thread starvation or clock leap detected (housekeeper delta=15m29s114ms).
2025-06-25T13:24:33.070+08:00  WARN 4979 --- [crm] [HikariPool-1 housekeeper] com.zaxxer.hikari.pool.HikariPool        : HikariPool-1 - Thread starvation or clock leap detected (housekeeper delta=15m28s914ms).
2025-06-25T13:24:59.387+08:00  WARN 4979 --- [crm] [HikariPool-1 housekeeper] com.zaxxer.hikari.pool.HikariPool        : HikariPool-1 - Retrograde clock change detected (housekeeper delta=26s316ms), soft-evicting connections from pool.
2025-06-25T13:35:44.436+08:00  WARN 4979 --- [crm] [HikariPool-1 housekeeper] com.zaxxer.hikari.pool.HikariPool        : HikariPool-1 - Thread starvation or clock leap detected (housekeeper delta=10m45s50ms).
2025-06-25T13:51:43.343+08:00  WARN 4979 --- [crm] [HikariPool-1 housekeeper] com.zaxxer.hikari.pool.HikariPool        : HikariPool-1 - Thread starvation or clock leap detected (housekeeper delta=15m28s897ms).
2025-06-25T14:07:46.224+08:00  WARN 4979 --- [crm] [HikariPool-1 housekeeper] com.zaxxer.hikari.pool.HikariPool        : HikariPool-1 - Thread starvation or clock leap detected (housekeeper delta=15m28s965ms).
2025-06-25T14:12:20.233+08:00  WARN 4979 --- [crm] [HikariPool-1 housekeeper] com.zaxxer.hikari.pool.HikariPool        : HikariPool-1 - Thread starvation or clock leap detected (housekeeper delta=4m3s997ms).
2025-06-25T15:51:51.254+08:00  WARN 4979 --- [crm] [HikariPool-1 housekeeper] com.zaxxer.hikari.pool.HikariPool        : HikariPool-1 - Retrograde clock change detected (housekeeper delta=29s851ms), soft-evicting connections from pool.
2025-06-25T16:05:24.449+08:00  WARN 4979 --- [crm] [HikariPool-1 housekeeper] com.zaxxer.hikari.pool.HikariPool        : HikariPool-1 - Thread starvation or clock leap detected (housekeeper delta=8m57s530ms).
2025-06-25T16:07:54.294+08:00  WARN 4979 --- [crm] [HikariPool-1 housekeeper] com.zaxxer.hikari.pool.HikariPool        : HikariPool-1 - Retrograde clock change detected (housekeeper delta=29s835ms), soft-evicting connections from pool.
2025-06-25T18:28:55.356+08:00  WARN 4979 --- [crm] [HikariPool-1 housekeeper] com.zaxxer.hikari.pool.HikariPool        : HikariPool-1 - Thread starvation or clock leap detected (housekeeper delta=59s795ms).
2025-06-25T18:44:24.636+08:00  WARN 4979 --- [crm] [HikariPool-1 housekeeper] com.zaxxer.hikari.pool.HikariPool        : HikariPool-1 - Thread starvation or clock leap detected (housekeeper delta=15m29s283ms).
2025-06-25T18:44:54.474+08:00  WARN 4979 --- [crm] [HikariPool-1 housekeeper] com.zaxxer.hikari.pool.HikariPool        : HikariPool-1 - Retrograde clock change detected (housekeeper delta=29s838ms), soft-evicting connections from pool.
2025-06-25T18:53:52.372+08:00  WARN 4979 --- [crm] [HikariPool-1 housekeeper] com.zaxxer.hikari.pool.HikariPool        : HikariPool-1 - Thread starvation or clock leap detected (housekeeper delta=8m57s898ms).
2025-06-25T19:11:26.792+08:00  WARN 4979 --- [crm] [HikariPool-1 housekeeper] com.zaxxer.hikari.pool.HikariPool        : HikariPool-1 - Thread starvation or clock leap detected (housekeeper delta=17m4s411ms).
2025-06-25T19:28:32.090+08:00  WARN 4979 --- [crm] [HikariPool-1 housekeeper] com.zaxxer.hikari.pool.HikariPool        : HikariPool-1 - Thread starvation or clock leap detected (housekeeper delta=17m5s298ms).
2025-06-25T21:38:01.535+08:00  WARN 4979 --- [crm] [HikariPool-1 housekeeper] com.zaxxer.hikari.pool.HikariPool        : HikariPool-1 - Retrograde clock change detected (housekeeper delta=28s327ms), soft-evicting connections from pool.
